<?xml version="1.0" encoding="UTF-8"?>
<!-- Generated by org.testng.reporters.JUnitReportReporter -->
<testsuite hostname="DESKTOP-ANQ89CN" failures="0" tests="2" name="LOGIN.LOGOUTPASSANT" time="8.485" errors="0" timestamp="2022-06-29T18:02:29 CEST" skipped="0">
  <testcase classname="LOGIN.LOGOUTPASSANT" name="Logout" time="4.352"/>
  <system-out/>
  <testcase classname="LOGIN.LOGOUTPASSANT" name="Login" time="4.133"/>
  <system-out/>
</testsuite> <!-- LOGIN.LOGOUTPASSANT -->
