<?xml version="1.0" encoding="UTF-8"?>
<!-- Generated by org.testng.reporters.JUnitReportReporter -->
<testsuite hostname="DESKTOP-ANQ89CN" failures="0" tests="1" name="LOGIN.LOGINPASSANT" time="3.916" errors="0" timestamp="2022-06-29T18:02:29 CEST" skipped="0">
  <testcase classname="LOGIN.LOGINPASSANT" name="Login" time="3.916"/>
  <system-out/>
</testsuite> <!-- LOGIN.LOGINPASSANT -->
