<?xml version="1.0" encoding="UTF-8"?>
<!-- Generated by org.testng.reporters.JUnitReportReporter -->
<testsuite hostname="DESKTOP-ANQ89CN" failures="0" tests="2" name="LOGIN.LOGINPASSANTBis" time="8.589" errors="0" timestamp="2022-06-29T17:50:41 CEST" skipped="0">
  <testcase classname="LOGIN.LOGINPASSANTBis" name="Login" time="4.148"/>
  <system-out/>
  <testcase classname="LOGIN.LOGINPASSANTBis" name="Logout" time="4.441"/>
  <system-out/>
</testsuite> <!-- LOGIN.LOGINPASSANTBis -->
